<?xml version="1.0" encoding="UTF-8"?>
<testng-results ignored="0" total="1" passed="1" failed="0" skipped="0">
  <reporter-output>
  </reporter-output>
  <suite started-at="2022-02-10T17:12:40 IST" name="Default suite" finished-at="2022-02-10T17:13:04 IST" duration-ms="23860">
    <groups>
    </groups>
    <test started-at="2022-02-10T17:12:40 IST" name="Default test" finished-at="2022-02-10T17:13:04 IST" duration-ms="23860">
      <class name="privatePom.Login">
        <test-method signature="test()[pri:0, instance:privatePom.Login@1e683a3e]" started-at="2022-02-10T17:12:40 IST" name="test" finished-at="2022-02-10T17:13:04 IST" duration-ms="23828" status="PASS">
          <reporter-output>
          </reporter-output>
        </test-method> <!-- test -->
      </class> <!-- privatePom.Login -->
    </test> <!-- Default test -->
  </suite> <!-- Default suite -->
</testng-results>
